SF:lib/app/shared/models/location_model.dart
DA:4,1
DA:12,1
DA:13,1
DA:14,1
DA:15,1
DA:19,1
DA:20,1
DA:21,2
DA:22,2
DA:26,3
DA:28,1
DA:29,2
LF:12
LH:12
end_of_record
SF:lib/app/shared/dtos/sign_up_dto.dart
DA:4,2
DA:14,1
DA:15,1
DA:16,1
DA:17,1
DA:18,1
DA:22,1
DA:23,1
DA:24,1
DA:25,1
DA:26,1
DA:30,3
DA:32,1
DA:33,2
LF:14
LH:14
end_of_record
SF:lib/app/shared/models/user_model.dart
DA:4,2
DA:16,1
DA:17,1
DA:18,1
DA:19,1
DA:20,1
DA:21,1
DA:25,1
DA:26,1
DA:27,1
DA:28,1
DA:29,1
DA:30,1
DA:34,3
DA:36,1
DA:37,2
DA:39,1
DA:45,1
DA:46,1
DA:47,1
DA:48,1
DA:49,1
LF:22
LH:22
end_of_record
SF:lib/app/shared/repositories/auth/firebase_auth_repository_impl.dart
DA:9,1
DA:14,1
DA:19,3
DA:23,1
DA:24,1
DA:25,1
DA:26,1
DA:27,1
DA:28,1
DA:31,0
DA:32,0
DA:37,1
DA:39,3
DA:40,1
DA:41,1
DA:43,1
DA:44,3
DA:46,3
DA:47,1
DA:48,1
DA:50,1
DA:51,1
DA:52,1
DA:53,1
DA:54,1
DA:55,1
DA:58,0
DA:59,0
DA:64,0
DA:66,0
DA:67,0
DA:68,0
DA:73,1
DA:74,3
DA:78,0
DA:80,0
DA:81,0
DA:82,0
DA:83,0
LF:39
LH:26
end_of_record
SF:lib/app/shared/exceptions/auth_exception.dart
DA:2,1
DA:6,1
DA:7,2
DA:9,2
DA:11,2
LF:5
LH:5
end_of_record
SF:lib/app/shared/models/image_file_model.dart
DA:2,2
LF:1
LH:1
end_of_record
SF:lib/app/shared/exceptions/storage_exception.dart
DA:2,1
LF:1
LH:1
end_of_record
SF:lib/app/shared/exceptions/api_exception.dart
DA:2,1
LF:1
LH:1
end_of_record
SF:lib/app/shared/dtos/storage_upload_dto.dart
DA:4,1
LF:1
LH:1
end_of_record
SF:lib/app/app_widget.dart
DA:5,1
DA:7,0
DA:9,0
DA:10,0
DA:12,0
DA:13,0
DA:14,0
DA:16,0
LF:8
LH:1
end_of_record
SF:lib/app/shared/stores/auth_store.dart
DA:14,1
DA:17,0
DA:33,0
DA:34,0
DA:37,0
DA:39,0
DA:40,0
DA:41,0
DA:42,0
DA:43,0
DA:44,0
DA:46,0
DA:47,0
DA:51,0
DA:53,0
DA:54,0
DA:55,0
DA:56,0
DA:57,0
DA:58,0
DA:60,0
DA:61,0
DA:65,0
DA:66,0
DA:67,0
DA:68,0
DA:72,0
DA:74,0
DA:75,0
DA:77,0
DA:81,0
DA:83,0
DA:84,0
DA:86,0
DA:87,0
DA:88,0
DA:89,0
DA:90,0
DA:91,0
DA:92,0
DA:94,0
DA:95,0
LF:42
LH:1
end_of_record
SF:lib/app/shared/repositories/storage/firebase_storage_repository_impl.dart
DA:10,0
DA:15,0
DA:17,0
DA:18,0
DA:19,0
DA:20,0
DA:21,0
DA:22,0
DA:24,0
DA:25,0
DA:27,0
DA:28,0
DA:30,0
DA:32,0
DA:33,0
DA:36,0
DA:38,0
DA:39,0
DA:43,0
DA:44,0
DA:45,0
LF:21
LH:0
end_of_record
SF:lib/app/shared/services/current_user/firebase_auth_current_user_service_impl.dart
DA:7,0
DA:12,0
DA:13,0
DA:15,0
DA:16,0
DA:17,0
DA:18,0
DA:19,0
LF:8
LH:0
end_of_record
SF:lib/app/shared/services/location/geolocator_location_service_impl.dart
DA:7,0
DA:12,0
DA:13,0
DA:14,0
DA:15,0
DA:16,0
DA:21,0
DA:22,0
DA:27,0
DA:28,0
DA:29,0
DA:30,0
DA:32,0
DA:33,0
DA:34,0
LF:15
LH:0
end_of_record
SF:lib/app/shared/services/image/image_picker_image_service_impl.dart
DA:7,0
DA:12,0
DA:13,0
DA:16,0
DA:17,0
DA:18,0
DA:25,0
DA:26,0
DA:29,0
DA:30,0
DA:31,0
LF:11
LH:0
end_of_record
SF:lib/app/modules/home/stores/history_store.dart
DA:7,0
DA:15,0
DA:16,0
DA:17,0
DA:18,0
DA:19,0
DA:20,0
DA:21,0
DA:22,0
DA:25,0
DA:26,0
LF:11
LH:0
end_of_record
SF:lib/app/modules/home/stores/weather_store.dart
DA:8,0
DA:20,0
DA:21,0
DA:23,0
DA:24,0
DA:25,0
DA:26,0
DA:27,0
DA:28,0
DA:30,0
DA:31,0
LF:11
LH:0
end_of_record
SF:lib/app/modules/home/stores/bmi_store.dart
DA:10,0
DA:11,0
DA:12,0
DA:13,0
DA:14,0
DA:15,0
DA:20,0
DA:23,0
DA:26,0
DA:27,0
DA:29,0
DA:31,0
DA:33,0
LF:13
LH:0
end_of_record
SF:lib/app/modules/home/repositories/weather/dio_weather_repository_impl.dart
DA:8,0
DA:13,0
DA:15,0
DA:17,0
DA:18,0
DA:19,0
DA:22,0
DA:23,0
DA:24,0
DA:25,0
LF:10
LH:0
end_of_record
SF:lib/app/modules/home/models/measurement_model.dart
DA:4,0
DA:18,0
DA:19,0
DA:20,0
DA:21,0
DA:22,0
DA:23,0
DA:24,0
DA:28,0
DA:29,0
DA:30,0
DA:31,0
DA:32,0
DA:33,0
DA:35,0
DA:39,0
DA:41,0
DA:42,0
LF:18
LH:0
end_of_record
SF:lib/app/modules/home/validators/custom_validators.dart
DA:4,0
DA:6,0
DA:9,0
DA:10,0
DA:11,0
DA:19,0
DA:20,0
DA:21,0
DA:22,0
LF:9
LH:0
end_of_record
SF:lib/app/modules/home/pages/history_page.dart
DA:8,1
DA:10,0
DA:11,0
DA:18,0
DA:20,0
DA:21,0
DA:22,0
DA:23,0
DA:26,0
DA:28,0
DA:29,0
DA:30,0
DA:31,0
DA:32,0
DA:33,0
DA:34,0
DA:36,0
DA:37,0
DA:39,0
DA:42,0
DA:43,0
DA:44,0
DA:45,0
DA:46,0
DA:47,0
DA:48,0
DA:49,0
DA:51,0
DA:52,0
DA:54,0
DA:56,0
DA:57,0
DA:58,0
DA:59,0
LF:34
LH:1
end_of_record
SF:lib/app/modules/home/pages/calculator_page.dart
DA:9,1
DA:12,0
DA:16,0
DA:17,0
DA:29,0
DA:31,0
DA:32,0
DA:34,0
DA:36,0
DA:37,0
DA:39,0
DA:41,0
DA:44,0
DA:46,0
DA:47,0
DA:49,0
DA:50,0
DA:53,0
DA:54,0
DA:55,0
DA:56,0
DA:57,0
DA:62,0
DA:64,0
DA:65,0
DA:66,0
DA:68,0
DA:70,0
DA:71,0
DA:72,0
DA:73,0
DA:75,0
DA:76,0
DA:78,0
DA:81,0
DA:83,0
DA:89,0
DA:90,0
DA:91,0
DA:93,0
LF:40
LH:1
end_of_record
SF:lib/app/modules/home/pages/home_page.dart
DA:9,1
DA:13,0
DA:14,0
DA:23,0
DA:25,0
DA:26,0
DA:27,0
DA:28,0
DA:31,0
DA:33,0
DA:34,0
DA:35,0
DA:36,0
DA:37,0
DA:40,0
DA:41,0
DA:42,0
DA:44,0
DA:46,0
DA:47,0
DA:48,0
DA:49,0
DA:51,0
DA:52,0
DA:55,0
DA:56,0
DA:66,0
DA:81,0
DA:83,0
DA:84,0
DA:86,0
DA:87,0
DA:89,0
DA:90,0
DA:93,0
DA:94,0
DA:97,0
LF:37
LH:1
end_of_record
SF:lib/app/modules/home/pages/results_page.dart
DA:9,1
DA:11,0
DA:12,0
DA:23,0
DA:25,0
DA:29,0
DA:30,0
DA:31,0
DA:32,0
DA:33,0
DA:37,0
DA:38,0
DA:39,0
DA:40,0
DA:44,0
DA:45,0
DA:46,0
DA:47,0
DA:51,0
DA:52,0
DA:55,0
DA:57,0
DA:58,0
DA:61,0
DA:63,0
DA:64,0
DA:67,0
DA:70,0
DA:71,0
DA:72,0
DA:74,0
DA:77,0
DA:78,0
DA:79,0
DA:80,0
DA:83,0
DA:84,0
DA:85,0
DA:86,0
DA:87,0
DA:94,0
DA:96,0
DA:98,0
DA:99,0
DA:101,0
DA:102,0
DA:103,0
DA:104,0
DA:105,0
DA:107,0
DA:111,0
DA:114,0
DA:116,0
DA:117,0
DA:118,0
DA:119,0
DA:121,0
DA:131,0
DA:132,0
DA:144,0
DA:145,0
DA:147,0
DA:149,0
LF:63
LH:1
end_of_record
SF:lib/app/modules/home/pages/profile_page.dart
DA:12,1
DA:14,0
DA:15,0
DA:21,0
DA:23,0
DA:24,0
DA:25,0
DA:28,0
DA:30,0
DA:31,0
DA:34,0
DA:35,0
DA:36,0
DA:37,0
DA:38,0
DA:42,0
DA:44,0
DA:45,0
DA:46,0
DA:48,0
DA:49,0
DA:50,0
DA:51,0
DA:52,0
DA:53,0
DA:54,0
DA:56,0
DA:57,0
DA:58,0
DA:60,0
DA:68,0
DA:69,0
DA:70,0
DA:71,0
DA:73,0
DA:79,0
DA:83,0
DA:85,0
DA:86,0
DA:87,0
DA:89,0
DA:97,0
DA:98,0
DA:105,0
DA:106,0
DA:108,0
DA:110,0
DA:114,0
DA:116,0
DA:117,0
DA:118,0
DA:119,0
DA:132,0
DA:133,0
DA:134,0
DA:135,0
DA:136,0
DA:137,0
DA:138,0
DA:142,0
DA:143,0
DA:144,0
DA:145,0
DA:150,0
DA:151,0
DA:152,0
DA:153,0
DA:154,0
DA:158,0
DA:159,0
DA:160,0
DA:161,0
LF:72
LH:1
end_of_record
SF:lib/app/modules/home/services/history_local_storage/shared_preferences_history_storage_service_impl.dart
DA:8,0
DA:14,0
DA:15,0
DA:18,0
DA:19,0
DA:22,0
DA:27,0
DA:28,0
DA:29,0
DA:30,0
DA:31,0
DA:35,0
DA:36,0
DA:37,0
DA:40,0
DA:41,0
LF:16
LH:0
end_of_record
SF:lib/app/modules/home/widgets/input_card_widget.dart
DA:7,0
DA:12,0
DA:18,0
DA:20,0
DA:22,0
DA:24,0
DA:25,0
DA:27,0
DA:28,0
DA:30,0
DA:31,0
DA:32,0
DA:33,0
DA:34,0
DA:41,0
DA:44,0
DA:45,0
DA:46,0
DA:47,0
LF:19
LH:0
end_of_record
SF:lib/app/modules/home/widgets/attribute_value_widget.dart
DA:4,0
DA:9,0
DA:15,0
DA:17,0
DA:18,0
DA:19,0
DA:20,0
DA:27,0
DA:28,0
LF:9
LH:0
end_of_record
SF:lib/app/modules/home/widgets/greeting_widget.dart
DA:4,0
DA:8,0
DA:13,0
DA:15,0
DA:16,0
DA:20,0
DA:21,0
DA:22,0
DA:24,0
DA:31,0
DA:32,0
DA:33,0
LF:12
LH:0
end_of_record
SF:lib/app/modules/home/guards/location_guard.dart
DA:9,0
DA:10,0
DA:11,0
DA:12,0
LF:4
LH:0
end_of_record
SF:lib/app/modules/home/guards/module_ready_guard.dart
DA:9,0
DA:10,0
LF:2
LH:0
end_of_record
SF:lib/app/modules/home/guards/auth_guard.dart
DA:8,0
DA:11,0
DA:12,0
DA:13,0
DA:14,0
LF:5
LH:0
end_of_record
SF:lib/app/modules/auth/stores/obscure_text_store.dart
DA:6,0
DA:7,0
DA:8,0
LF:3
LH:0
end_of_record
SF:lib/app/modules/auth/pages/reset_password_page.dart
DA:6,1
DA:8,0
DA:9,0
DA:13,0
DA:15,0
DA:16,0
DA:19,0
DA:20,0
DA:22,0
DA:23,0
DA:24,0
DA:29,0
DA:31,0
DA:32,0
LF:14
LH:1
end_of_record
SF:lib/app/modules/auth/pages/sign_up_page.dart
DA:12,1
DA:14,0
DA:15,0
DA:31,0
DA:33,0
DA:34,0
DA:35,0
DA:36,0
DA:38,0
DA:39,0
DA:41,0
DA:42,0
DA:43,0
DA:45,0
DA:46,0
DA:49,0
DA:51,0
DA:52,0
DA:53,0
DA:54,0
DA:55,0
DA:56,0
DA:59,0
DA:60,0
DA:61,0
DA:62,0
DA:65,0
DA:67,0
DA:68,0
DA:72,0
DA:74,0
DA:75,0
DA:76,0
DA:77,0
DA:80,0
DA:81,0
DA:83,0
DA:84,0
DA:85,0
DA:86,0
DA:87,0
DA:89,0
DA:90,0
DA:93,0
DA:95,0
DA:97,0
DA:98,0
DA:99,0
DA:103,0
DA:104,0
DA:105,0
DA:107,0
DA:108,0
DA:109,0
DA:110,0
DA:111,0
DA:115,0
DA:117,0
DA:118,0
DA:119,0
DA:123,0
DA:126,0
DA:129,0
DA:132,0
DA:139,0
DA:140,0
DA:141,0
DA:143,0
DA:145,0
DA:146,0
DA:147,0
DA:148,0
DA:152,0
DA:153,0
DA:155,0
DA:156,0
DA:157,0
DA:158,0
DA:164,0
DA:166,0
DA:167,0
DA:168,0
DA:170,0
DA:171,0
DA:172,0
DA:173,0
DA:175,0
DA:178,0
DA:179,0
DA:180,0
LF:90
LH:1
end_of_record
SF:lib/app/modules/auth/pages/login_page.dart
DA:11,1
DA:13,0
DA:14,0
DA:27,0
DA:29,0
DA:30,0
DA:32,0
DA:33,0
DA:35,0
DA:36,0
DA:38,0
DA:39,0
DA:42,0
DA:44,0
DA:45,0
DA:46,0
DA:47,0
DA:50,0
DA:51,0
DA:52,0
DA:53,0
DA:56,0
DA:58,0
DA:59,0
DA:63,0
DA:65,0
DA:66,0
DA:67,0
DA:68,0
DA:72,0
DA:73,0
DA:75,0
DA:76,0
DA:77,0
DA:78,0
DA:79,0
DA:83,0
DA:84,0
DA:85,0
DA:86,0
DA:90,0
DA:91,0
DA:92,0
DA:94,0
DA:95,0
DA:96,0
DA:97,0
DA:98,0
DA:102,0
DA:105,0
DA:108,0
DA:110,0
DA:111,0
DA:112,0
DA:120,0
DA:122,0
DA:123,0
DA:124,0
DA:126,0
DA:127,0
DA:128,0
DA:132,0
DA:133,0
DA:134,0
DA:142,0
DA:144,0
DA:145,0
LF:67
LH:1
end_of_record
SF:lib/app/modules/auth/pages/widgets/custom_text_form_field.dart
DA:4,0
DA:13,0
DA:15,0
LF:3
LH:0
end_of_record
SF:lib/firebase_options.dart
DA:18,0
DA:20,0
DA:25,0
DA:26,0
DA:28,0
DA:30,0
DA:31,0
DA:35,0
DA:36,0
DA:40,0
DA:41,0
DA:46,0
LF:12
LH:0
end_of_record
SF:lib/main.dart
DA:14,0
DA:15,0
DA:18,0
DA:20,0
DA:21,0
DA:23,0
DA:24,0
LF:7
LH:0
end_of_record
