SF:lib/app/shared/dtos/sign_up_dto.dart
DA:4,3
DA:14,1
DA:15,1
DA:16,1
DA:17,1
DA:18,1
DA:22,1
DA:23,1
DA:24,1
DA:25,1
DA:26,1
DA:30,3
DA:32,1
DA:33,2
LF:14
LH:14
end_of_record
SF:lib/app/shared/dtos/storage_upload_dto.dart
DA:4,3
LF:1
LH:1
end_of_record
SF:lib/app/shared/exceptions/auth_exception.dart
DA:2,3
DA:6,2
DA:7,4
DA:9,4
DA:11,4
LF:5
LH:5
end_of_record
SF:lib/app/shared/exceptions/storage_exception.dart
DA:2,2
LF:1
LH:1
end_of_record
SF:lib/app/shared/models/image_file_model.dart
DA:2,5
LF:1
LH:1
end_of_record
SF:lib/app/shared/models/user_model.dart
DA:4,6
DA:16,1
DA:17,1
DA:18,1
DA:19,1
DA:20,1
DA:21,1
DA:25,1
DA:26,1
DA:27,1
DA:28,1
DA:29,1
DA:30,1
DA:34,3
DA:36,1
DA:37,2
DA:39,2
DA:45,2
DA:46,2
DA:47,2
DA:48,2
DA:49,1
LF:22
LH:22
end_of_record
SF:lib/app/shared/stores/auth_store.dart
DA:14,34
DA:17,4
DA:33,1
DA:34,4
DA:37,1
DA:39,1
DA:40,1
DA:41,1
DA:42,4
DA:43,1
DA:44,2
DA:46,1
DA:47,1
DA:51,1
DA:53,1
DA:54,1
DA:55,1
DA:56,4
DA:57,1
DA:58,2
DA:60,1
DA:61,1
DA:65,1
DA:66,3
DA:67,1
DA:68,1
DA:71,1
DA:73,1
DA:74,3
DA:76,3
DA:80,1
DA:82,2
DA:83,2
DA:85,1
DA:86,1
DA:87,3
DA:88,3
DA:89,3
DA:90,1
DA:91,2
DA:93,1
DA:94,1
LF:42
LH:42
end_of_record
SF:lib/app/shared/models/location_model.dart
DA:4,4
DA:12,2
DA:13,2
DA:14,2
DA:15,2
DA:19,1
DA:20,1
DA:21,2
DA:22,2
DA:26,3
DA:28,1
DA:29,2
LF:12
LH:12
end_of_record
SF:lib/app/shared/repositories/auth/firebase_auth_repository_impl.dart
DA:9,1
DA:14,1
DA:19,3
DA:23,1
DA:24,1
DA:25,1
DA:26,1
DA:27,1
DA:28,1
DA:31,1
DA:32,2
DA:37,1
DA:39,3
DA:40,1
DA:41,1
DA:43,1
DA:44,3
DA:46,3
DA:47,1
DA:48,1
DA:50,1
DA:51,1
DA:52,1
DA:53,1
DA:54,1
DA:55,1
DA:58,1
DA:59,2
DA:64,1
DA:66,3
DA:67,1
DA:68,2
DA:73,1
DA:74,3
DA:78,1
DA:80,3
DA:81,3
DA:82,1
DA:83,2
LF:39
LH:39
end_of_record
SF:lib/app/shared/repositories/storage/firebase_storage_repository_impl.dart
DA:11,1
DA:16,0
DA:18,0
DA:19,0
DA:20,0
DA:21,0
DA:22,0
DA:23,0
DA:25,0
DA:26,0
DA:28,0
DA:29,0
DA:31,0
DA:33,0
DA:34,0
DA:37,0
DA:39,0
DA:40,0
DA:44,1
DA:45,1
DA:46,1
DA:50,1
DA:52,1
LF:23
LH:6
end_of_record
SF:lib/app/shared/exceptions/api_exception.dart
DA:2,3
LF:1
LH:1
end_of_record
SF:lib/app/shared/services/current_user/firebase_auth_current_user_service_impl.dart
DA:7,1
DA:12,1
DA:13,2
DA:15,1
DA:16,1
DA:17,1
DA:18,1
DA:19,1
LF:8
LH:8
end_of_record
SF:lib/app/shared/services/location/geolocator_location_service_impl.dart
DA:7,1
DA:12,1
DA:13,3
DA:14,1
DA:15,1
DA:16,1
DA:21,1
DA:22,3
DA:27,1
DA:28,3
DA:29,1
DA:30,3
DA:32,1
DA:33,1
DA:34,1
LF:15
LH:15
end_of_record
SF:lib/app/shared/services/image/image_picker_image_service_impl.dart
DA:7,1
DA:12,1
DA:13,3
DA:16,1
DA:17,1
DA:18,1
DA:25,1
DA:26,3
DA:29,1
DA:30,1
DA:31,1
LF:11
LH:11
end_of_record
SF:lib/app/modules/home/stores/bmi_store.dart
DA:10,1
DA:11,3
DA:12,3
DA:13,2
DA:14,1
DA:15,2
DA:20,1
DA:23,1
DA:26,1
DA:27,1
DA:29,1
DA:31,1
DA:33,1
DA:40,1
DA:42,1
LF:15
LH:15
end_of_record
SF:lib/app/modules/home/validators/custom_validators.dart
DA:4,0
DA:6,2
DA:9,1
DA:10,3
DA:11,1
DA:19,2
DA:20,1
DA:21,1
DA:22,3
LF:9
LH:8
end_of_record
SF:lib/app/modules/home/widgets/input_card_widget.dart
DA:7,2
DA:12,2
DA:18,2
DA:20,2
DA:22,2
DA:24,2
DA:25,2
DA:27,2
DA:28,2
DA:30,2
DA:31,4
DA:32,2
DA:33,2
DA:34,2
DA:41,2
DA:45,2
DA:46,2
DA:47,8
DA:48,2
LF:19
LH:19
end_of_record
SF:lib/app/modules/auth/pages/login_page.dart
DA:11,24
DA:13,1
DA:14,1
DA:27,1
DA:29,3
DA:30,3
DA:32,2
DA:33,2
DA:35,2
DA:36,2
DA:38,3
DA:39,1
DA:42,1
DA:44,2
DA:45,2
DA:46,3
DA:47,1
DA:50,0
DA:51,0
DA:52,0
DA:53,0
DA:56,0
DA:58,0
DA:59,0
DA:63,1
DA:65,1
DA:66,1
DA:67,1
DA:68,1
DA:72,1
DA:73,1
DA:75,1
DA:76,1
DA:77,1
DA:78,1
DA:79,1
DA:83,1
DA:84,2
DA:85,1
DA:86,1
DA:90,1
DA:91,1
DA:92,2
DA:94,2
DA:95,1
DA:96,1
DA:97,1
DA:98,2
DA:102,2
DA:105,1
DA:108,1
DA:110,1
DA:111,0
DA:112,0
DA:120,1
DA:122,1
DA:123,0
DA:124,0
DA:126,0
DA:127,0
DA:128,0
DA:132,1
DA:133,1
DA:134,3
DA:142,1
DA:144,0
DA:145,0
LF:67
LH:51
end_of_record
SF:lib/app/modules/auth/pages/reset_password_page.dart
DA:6,24
DA:8,1
DA:9,1
DA:13,1
DA:15,1
DA:16,1
DA:19,1
DA:20,1
DA:22,1
DA:23,1
DA:24,1
DA:29,1
DA:31,1
DA:32,0
LF:14
LH:13
end_of_record
SF:lib/app/modules/auth/pages/sign_up_page.dart
DA:12,24
DA:14,1
DA:15,1
DA:31,1
DA:33,2
DA:34,2
DA:35,2
DA:36,2
DA:38,2
DA:39,2
DA:41,3
DA:42,3
DA:43,3
DA:45,3
DA:46,1
DA:49,1
DA:51,2
DA:52,2
DA:53,2
DA:54,2
DA:55,3
DA:56,1
DA:59,0
DA:60,0
DA:61,0
DA:62,0
DA:65,0
DA:67,0
DA:68,0
DA:72,1
DA:74,1
DA:75,1
DA:76,1
DA:77,1
DA:80,1
DA:81,1
DA:83,1
DA:84,1
DA:85,1
DA:86,1
DA:87,1
DA:89,1
DA:90,1
DA:93,1
DA:95,1
DA:97,2
DA:98,1
DA:99,1
DA:103,1
DA:104,1
DA:105,2
DA:107,1
DA:108,2
DA:109,1
DA:110,1
DA:111,2
DA:115,2
DA:117,2
DA:118,1
DA:119,1
DA:123,1
DA:126,1
DA:129,1
DA:132,1
DA:139,1
DA:140,1
DA:141,2
DA:143,1
DA:145,2
DA:146,1
DA:147,1
DA:148,2
DA:152,1
DA:153,1
DA:155,2
DA:156,1
DA:157,1
DA:158,1
DA:164,1
DA:166,1
DA:167,0
DA:168,0
DA:170,0
DA:171,0
DA:172,0
DA:173,0
DA:175,0
DA:178,1
DA:179,1
DA:180,3
LF:90
LH:76
end_of_record
SF:lib/app/modules/auth/stores/obscure_text_store.dart
DA:6,1
DA:7,2
DA:8,1
LF:3
LH:3
end_of_record
SF:lib/app/modules/auth/pages/widgets/custom_text_form_field.dart
DA:4,4
DA:13,4
DA:15,4
LF:3
LH:3
end_of_record
SF:lib/app/modules/home/guards/auth_guard.dart
DA:8,22
DA:11,1
DA:12,2
DA:13,2
DA:14,1
LF:5
LH:5
end_of_record
SF:lib/app/modules/home/guards/location_guard.dart
DA:9,1
DA:10,2
DA:11,2
DA:12,2
LF:4
LH:4
end_of_record
SF:lib/app/modules/home/guards/module_ready_guard.dart
DA:9,1
DA:10,3
LF:2
LH:2
end_of_record
SF:lib/app/modules/home/pages/calculator_page.dart
DA:9,24
DA:12,0
DA:16,1
DA:17,1
DA:29,1
DA:31,3
DA:32,3
DA:34,3
DA:36,2
DA:37,2
DA:39,2
DA:41,1
DA:44,1
DA:46,2
DA:47,2
DA:49,3
DA:50,1
DA:53,0
DA:54,0
DA:55,0
DA:56,0
DA:57,0
DA:62,1
DA:64,1
DA:65,1
DA:66,1
DA:68,1
DA:70,1
DA:71,1
DA:72,1
DA:73,1
DA:75,1
DA:76,1
DA:78,1
DA:81,1
DA:83,1
DA:89,1
DA:90,0
DA:91,0
DA:93,0
LF:40
LH:31
end_of_record
SF:lib/app/modules/home/pages/history_page.dart
DA:8,24
DA:10,1
DA:11,1
DA:18,1
DA:20,3
DA:21,2
DA:22,2
DA:23,1
DA:26,1
DA:28,1
DA:29,1
DA:30,1
DA:31,1
DA:32,1
DA:33,1
DA:34,2
DA:36,2
DA:37,0
DA:39,3
DA:42,1
DA:43,1
DA:44,3
DA:45,1
DA:46,3
DA:47,1
DA:48,1
DA:49,4
DA:51,1
DA:52,5
DA:54,1
DA:56,1
DA:57,1
DA:58,2
DA:59,1
LF:34
LH:33
end_of_record
SF:lib/app/modules/home/pages/home_page.dart
DA:9,23
DA:13,0
DA:14,0
DA:23,0
DA:25,0
DA:26,0
DA:27,0
DA:28,0
DA:31,0
DA:33,0
DA:34,0
DA:35,0
DA:36,0
DA:37,0
DA:40,0
DA:41,0
DA:42,0
DA:44,0
DA:46,0
DA:47,0
DA:48,0
DA:49,0
DA:51,0
DA:52,0
DA:55,0
DA:56,0
DA:66,0
DA:81,0
DA:83,0
DA:84,0
DA:86,0
DA:87,0
DA:89,0
DA:90,0
DA:93,0
DA:94,0
DA:97,0
LF:37
LH:1
end_of_record
SF:lib/app/modules/home/pages/profile_page.dart
DA:12,24
DA:14,1
DA:15,1
DA:21,1
DA:23,3
DA:24,3
DA:25,1
DA:28,1
DA:30,3
DA:31,1
DA:34,0
DA:35,0
DA:36,0
DA:37,0
DA:38,0
DA:42,1
DA:44,1
DA:45,1
DA:46,1
DA:48,3
DA:49,1
DA:50,1
DA:51,1
DA:52,1
DA:53,1
DA:54,2
DA:56,3
DA:57,0
DA:58,0
DA:60,3
DA:68,1
DA:69,1
DA:70,1
DA:71,0
DA:73,0
DA:79,0
DA:83,1
DA:85,2
DA:86,0
DA:87,2
DA:89,1
DA:97,1
DA:98,3
DA:105,1
DA:106,3
DA:108,1
DA:110,1
DA:114,1
DA:116,1
DA:117,0
DA:118,0
DA:119,0
DA:132,1
DA:133,1
DA:134,0
DA:135,0
DA:136,0
DA:137,0
DA:138,0
DA:142,0
DA:143,0
DA:144,0
DA:145,0
DA:150,1
DA:151,1
DA:152,0
DA:153,0
DA:154,0
DA:158,1
DA:159,0
DA:160,0
DA:161,0
LF:72
LH:43
end_of_record
SF:lib/app/modules/home/pages/results_page.dart
DA:9,24
DA:11,1
DA:12,1
DA:23,1
DA:25,2
DA:29,3
DA:30,1
DA:31,5
DA:32,1
DA:33,1
DA:37,1
DA:38,5
DA:39,1
DA:40,1
DA:44,1
DA:45,5
DA:46,1
DA:47,1
DA:51,2
DA:52,1
DA:55,1
DA:57,2
DA:58,1
DA:61,1
DA:63,1
DA:64,1
DA:67,1
DA:70,1
DA:71,1
DA:72,1
DA:74,3
DA:77,1
DA:78,1
DA:79,1
DA:80,1
DA:83,3
DA:84,3
DA:85,1
DA:86,3
DA:87,3
DA:94,1
DA:96,1
DA:98,3
DA:99,1
DA:101,1
DA:102,1
DA:103,1
DA:104,1
DA:105,1
DA:107,2
DA:111,1
DA:114,1
DA:116,1
DA:117,1
DA:118,1
DA:119,1
DA:121,2
DA:131,1
DA:132,4
DA:144,1
DA:145,1
DA:147,0
DA:149,0
LF:63
LH:61
end_of_record
SF:lib/app/modules/home/repositories/weather/dio_weather_repository_impl.dart
DA:8,1
DA:13,1
DA:15,3
DA:17,1
DA:18,1
DA:19,1
DA:22,1
DA:23,2
DA:24,1
DA:25,2
LF:10
LH:10
end_of_record
SF:lib/app/modules/home/services/history_local_storage/shared_preferences_history_storage_service_impl.dart
DA:8,1
DA:14,1
DA:15,3
DA:18,3
DA:19,1
DA:22,1
DA:27,1
DA:28,1
DA:29,3
DA:30,1
DA:31,4
LF:11
LH:11
end_of_record
SF:lib/app/modules/home/stores/history_store.dart
DA:7,3
DA:15,2
DA:16,2
DA:17,2
DA:18,6
DA:19,4
DA:20,4
DA:21,2
DA:22,2
DA:25,1
DA:26,3
LF:11
LH:11
end_of_record
SF:lib/app/modules/home/stores/weather_store.dart
DA:8,1
DA:20,1
DA:21,3
DA:23,1
DA:24,1
DA:25,1
DA:26,3
DA:27,1
DA:28,2
DA:30,1
DA:31,1
LF:11
LH:11
end_of_record
SF:lib/app/modules/home/models/measurement_model.dart
DA:4,6
DA:18,2
DA:19,2
DA:20,2
DA:21,2
DA:22,2
DA:23,2
DA:24,4
DA:28,2
DA:29,2
DA:30,4
DA:31,4
DA:32,4
DA:33,2
DA:35,4
DA:39,6
DA:41,2
DA:42,4
LF:18
LH:18
end_of_record
SF:lib/app/modules/home/widgets/greeting_widget.dart
DA:4,1
DA:8,1
DA:13,1
DA:15,1
DA:16,5
DA:20,1
DA:21,1
DA:22,2
DA:24,1
DA:31,1
DA:32,1
DA:33,1
LF:12
LH:12
end_of_record
SF:lib/app/modules/home/widgets/attribute_value_widget.dart
DA:4,2
DA:9,1
DA:15,2
DA:17,2
DA:18,2
DA:19,2
DA:20,6
DA:27,2
DA:28,2
LF:9
LH:9
end_of_record
SF:lib/app/app_module.dart
DA:26,0
DA:27,0
DA:28,0
DA:29,0
DA:30,0
DA:34,0
DA:37,0
DA:42,0
DA:45,0
DA:48,0
DA:53,6
DA:54,3
DA:55,3
DA:56,3
DA:57,3
LF:15
LH:5
end_of_record
SF:lib/app/modules/auth/auth_module.dart
DA:11,6
DA:16,0
DA:17,0
DA:18,0
LF:4
LH:1
end_of_record
SF:lib/app/modules/home/home_module.dart
DA:27,0
DA:28,0
DA:36,0
DA:41,0
DA:42,0
DA:47,2
DA:49,4
DA:50,2
DA:54,0
DA:55,0
DA:56,0
DA:65,0
DA:73,0
DA:82,0
DA:86,0
DA:90,0
LF:16
LH:3
end_of_record
SF:lib/app/app_widget.dart
DA:5,0
DA:7,0
DA:9,0
DA:10,0
DA:12,0
DA:13,0
DA:14,0
DA:16,0
LF:8
LH:0
end_of_record
